<?xml version="1.0" encoding="UTF-8"?>
<!-- Generated by org.testng.reporters.JUnitReportReporter -->
<testsuite hostname="raama" failures="0" tests="1" name="finaltest.bikerentals" time="113.935" errors="0" timestamp="2024-04-18T11:15:31 IST" skipped="0">
  <testcase classname="finaltest.bikerentals" name="test1" time="113.935"/>
  <system-out/>
</testsuite> <!-- finaltest.bikerentals -->
